
*** Running vivado
    with args -log display_sim.vdi -applog -m64 -product Vivado -messageDb vivado.pb -mode batch -source display_sim.tcl -notrace


****** Vivado v2019.2 (64-bit)
  **** SW Build 2708876 on Wed Nov  6 21:40:23 MST 2019
  **** IP Build 2700528 on Thu Nov  7 00:09:20 MST 2019
    ** Copyright 1986-2019 Xilinx, Inc. All Rights Reserved.

source display_sim.tcl -notrace
Command: link_design -top display_sim -part xc7a35tcsg324-1
Design is defaulting to srcset: sources_1
Design is defaulting to constrset: constrs_1
INFO: [Device 21-403] Loading part xc7a35tcsg324-1
Netlist sorting complete. Time (s): cpu = 00:00:00 ; elapsed = 00:00:00.001 . Memory (MB): peak = 604.887 ; gain = 0.000
INFO: [Netlist 29-17] Analyzing 16 Unisim elements for replacement
INFO: [Netlist 29-28] Unisim Transformation completed in 0 CPU seconds
INFO: [Project 1-479] Netlist was created with Vivado 2019.2
INFO: [Project 1-570] Preparing netlist for logic optimization
Parsing XDC File [D:/vivadoProject/HFUT-exp/HFUT-exp.srcs/constrs_1/new/mips_constr.xdc]
WARNING: [Vivado 12-584] No ports matched 'clk'. [D:/vivadoProject/HFUT-exp/HFUT-exp.srcs/constrs_1/new/mips_constr.xdc:1]
CRITICAL WARNING: [Common 17-55] 'set_property' expects at least one object. [D:/vivadoProject/HFUT-exp/HFUT-exp.srcs/constrs_1/new/mips_constr.xdc:1]
Resolution: If [get_<value>] was used to populate the object, check to make sure this command returns at least one valid object.
WARNING: [Vivado 12-584] No ports matched 'rst'. [D:/vivadoProject/HFUT-exp/HFUT-exp.srcs/constrs_1/new/mips_constr.xdc:2]
CRITICAL WARNING: [Common 17-55] 'set_property' expects at least one object. [D:/vivadoProject/HFUT-exp/HFUT-exp.srcs/constrs_1/new/mips_constr.xdc:2]
Resolution: If [get_<value>] was used to populate the object, check to make sure this command returns at least one valid object.
WARNING: [Vivado 12-584] No ports matched 'x'. [D:/vivadoProject/HFUT-exp/HFUT-exp.srcs/constrs_1/new/mips_constr.xdc:3]
CRITICAL WARNING: [Common 17-55] 'set_property' expects at least one object. [D:/vivadoProject/HFUT-exp/HFUT-exp.srcs/constrs_1/new/mips_constr.xdc:3]
Resolution: If [get_<value>] was used to populate the object, check to make sure this command returns at least one valid object.
WARNING: [Vivado 12-584] No ports matched 'clk'. [D:/vivadoProject/HFUT-exp/HFUT-exp.srcs/constrs_1/new/mips_constr.xdc:4]
CRITICAL WARNING: [Common 17-55] 'set_property' expects at least one object. [D:/vivadoProject/HFUT-exp/HFUT-exp.srcs/constrs_1/new/mips_constr.xdc:4]
Resolution: If [get_<value>] was used to populate the object, check to make sure this command returns at least one valid object.
WARNING: [Vivado 12-584] No ports matched 'rst'. [D:/vivadoProject/HFUT-exp/HFUT-exp.srcs/constrs_1/new/mips_constr.xdc:5]
CRITICAL WARNING: [Common 17-55] 'set_property' expects at least one object. [D:/vivadoProject/HFUT-exp/HFUT-exp.srcs/constrs_1/new/mips_constr.xdc:5]
Resolution: If [get_<value>] was used to populate the object, check to make sure this command returns at least one valid object.
WARNING: [Vivado 12-584] No ports matched 'x'. [D:/vivadoProject/HFUT-exp/HFUT-exp.srcs/constrs_1/new/mips_constr.xdc:6]
CRITICAL WARNING: [Common 17-55] 'set_property' expects at least one object. [D:/vivadoProject/HFUT-exp/HFUT-exp.srcs/constrs_1/new/mips_constr.xdc:6]
Resolution: If [get_<value>] was used to populate the object, check to make sure this command returns at least one valid object.
WARNING: [Vivado 12-584] No ports matched 'input_addr[4]'. [D:/vivadoProject/HFUT-exp/HFUT-exp.srcs/constrs_1/new/mips_constr.xdc:8]
CRITICAL WARNING: [Common 17-55] 'set_property' expects at least one object. [D:/vivadoProject/HFUT-exp/HFUT-exp.srcs/constrs_1/new/mips_constr.xdc:8]
Resolution: If [get_<value>] was used to populate the object, check to make sure this command returns at least one valid object.
WARNING: [Vivado 12-584] No ports matched 'input_addr[3]'. [D:/vivadoProject/HFUT-exp/HFUT-exp.srcs/constrs_1/new/mips_constr.xdc:9]
CRITICAL WARNING: [Common 17-55] 'set_property' expects at least one object. [D:/vivadoProject/HFUT-exp/HFUT-exp.srcs/constrs_1/new/mips_constr.xdc:9]
Resolution: If [get_<value>] was used to populate the object, check to make sure this command returns at least one valid object.
WARNING: [Vivado 12-584] No ports matched 'input_addr[2]'. [D:/vivadoProject/HFUT-exp/HFUT-exp.srcs/constrs_1/new/mips_constr.xdc:10]
CRITICAL WARNING: [Common 17-55] 'set_property' expects at least one object. [D:/vivadoProject/HFUT-exp/HFUT-exp.srcs/constrs_1/new/mips_constr.xdc:10]
Resolution: If [get_<value>] was used to populate the object, check to make sure this command returns at least one valid object.
WARNING: [Vivado 12-584] No ports matched 'input_addr[1]'. [D:/vivadoProject/HFUT-exp/HFUT-exp.srcs/constrs_1/new/mips_constr.xdc:11]
CRITICAL WARNING: [Common 17-55] 'set_property' expects at least one object. [D:/vivadoProject/HFUT-exp/HFUT-exp.srcs/constrs_1/new/mips_constr.xdc:11]
Resolution: If [get_<value>] was used to populate the object, check to make sure this command returns at least one valid object.
WARNING: [Vivado 12-584] No ports matched 'input_addr[0]'. [D:/vivadoProject/HFUT-exp/HFUT-exp.srcs/constrs_1/new/mips_constr.xdc:12]
CRITICAL WARNING: [Common 17-55] 'set_property' expects at least one object. [D:/vivadoProject/HFUT-exp/HFUT-exp.srcs/constrs_1/new/mips_constr.xdc:12]
Resolution: If [get_<value>] was used to populate the object, check to make sure this command returns at least one valid object.
WARNING: [Vivado 12-584] No ports matched 'input_addr[4]'. [D:/vivadoProject/HFUT-exp/HFUT-exp.srcs/constrs_1/new/mips_constr.xdc:61]
CRITICAL WARNING: [Common 17-55] 'set_property' expects at least one object. [D:/vivadoProject/HFUT-exp/HFUT-exp.srcs/constrs_1/new/mips_constr.xdc:61]
Resolution: If [get_<value>] was used to populate the object, check to make sure this command returns at least one valid object.
WARNING: [Vivado 12-584] No ports matched 'input_addr[3]'. [D:/vivadoProject/HFUT-exp/HFUT-exp.srcs/constrs_1/new/mips_constr.xdc:62]
CRITICAL WARNING: [Common 17-55] 'set_property' expects at least one object. [D:/vivadoProject/HFUT-exp/HFUT-exp.srcs/constrs_1/new/mips_constr.xdc:62]
Resolution: If [get_<value>] was used to populate the object, check to make sure this command returns at least one valid object.
WARNING: [Vivado 12-584] No ports matched 'input_addr[2]'. [D:/vivadoProject/HFUT-exp/HFUT-exp.srcs/constrs_1/new/mips_constr.xdc:63]
CRITICAL WARNING: [Common 17-55] 'set_property' expects at least one object. [D:/vivadoProject/HFUT-exp/HFUT-exp.srcs/constrs_1/new/mips_constr.xdc:63]
Resolution: If [get_<value>] was used to populate the object, check to make sure this command returns at least one valid object.
WARNING: [Vivado 12-584] No ports matched 'input_addr[1]'. [D:/vivadoProject/HFUT-exp/HFUT-exp.srcs/constrs_1/new/mips_constr.xdc:64]
CRITICAL WARNING: [Common 17-55] 'set_property' expects at least one object. [D:/vivadoProject/HFUT-exp/HFUT-exp.srcs/constrs_1/new/mips_constr.xdc:64]
Resolution: If [get_<value>] was used to populate the object, check to make sure this command returns at least one valid object.
WARNING: [Vivado 12-584] No ports matched 'input_addr[0]'. [D:/vivadoProject/HFUT-exp/HFUT-exp.srcs/constrs_1/new/mips_constr.xdc:65]
CRITICAL WARNING: [Common 17-55] 'set_property' expects at least one object. [D:/vivadoProject/HFUT-exp/HFUT-exp.srcs/constrs_1/new/mips_constr.xdc:65]
Resolution: If [get_<value>] was used to populate the object, check to make sure this command returns at least one valid object.
WARNING: [Vivado 12-584] No ports matched 'bigger_10000'. [D:/vivadoProject/HFUT-exp/HFUT-exp.srcs/constrs_1/new/mips_constr.xdc:67]
CRITICAL WARNING: [Common 17-55] 'set_property' expects at least one object. [D:/vivadoProject/HFUT-exp/HFUT-exp.srcs/constrs_1/new/mips_constr.xdc:67]
Resolution: If [get_<value>] was used to populate the object, check to make sure this command returns at least one valid object.
WARNING: [Vivado 12-584] No ports matched 'bigger_10000'. [D:/vivadoProject/HFUT-exp/HFUT-exp.srcs/constrs_1/new/mips_constr.xdc:68]
CRITICAL WARNING: [Common 17-55] 'set_property' expects at least one object. [D:/vivadoProject/HFUT-exp/HFUT-exp.srcs/constrs_1/new/mips_constr.xdc:68]
Resolution: If [get_<value>] was used to populate the object, check to make sure this command returns at least one valid object.
Finished Parsing XDC File [D:/vivadoProject/HFUT-exp/HFUT-exp.srcs/constrs_1/new/mips_constr.xdc]
INFO: [Opt 31-138] Pushed 0 inverter(s) to 0 load pin(s).
Netlist sorting complete. Time (s): cpu = 00:00:00 ; elapsed = 00:00:00 . Memory (MB): peak = 712.113 ; gain = 0.000
INFO: [Project 1-111] Unisim Transformation Summary:
No Unisim elements were transformed.

7 Infos, 18 Warnings, 18 Critical Warnings and 0 Errors encountered.
link_design completed successfully
link_design: Time (s): cpu = 00:00:05 ; elapsed = 00:00:06 . Memory (MB): peak = 716.168 ; gain = 405.184
Command: opt_design
Attempting to get a license for feature 'Implementation' and/or device 'xc7a35t'
INFO: [Common 17-349] Got license for feature 'Implementation' and/or device 'xc7a35t'
Running DRC as a precondition to command opt_design

Starting DRC Task
INFO: [DRC 23-27] Running DRC with 2 threads
INFO: [Project 1-461] DRC finished with 0 Errors
INFO: [Project 1-462] Please refer to the DRC report (report_drc) for more information.

Time (s): cpu = 00:00:01 ; elapsed = 00:00:00.620 . Memory (MB): peak = 734.613 ; gain = 18.445

Starting Cache Timing Information Task
INFO: [Timing 38-35] Done setting XDC timing constraints.
Ending Cache Timing Information Task | Checksum: 17f5c06ab

Time (s): cpu = 00:00:09 ; elapsed = 00:00:09 . Memory (MB): peak = 1269.254 ; gain = 534.641

Starting Logic Optimization Task

Phase 1 Retarget
INFO: [Opt 31-138] Pushed 0 inverter(s) to 0 load pin(s).
INFO: [Opt 31-49] Retargeted 0 cell(s).
Phase 1 Retarget | Checksum: 17f5c06ab

Time (s): cpu = 00:00:00 ; elapsed = 00:00:00.021 . Memory (MB): peak = 1462.668 ; gain = 0.000
INFO: [Opt 31-389] Phase Retarget created 0 cells and removed 0 cells

Phase 2 Constant propagation
INFO: [Opt 31-138] Pushed 0 inverter(s) to 0 load pin(s).
Phase 2 Constant propagation | Checksum: 17f5c06ab

Time (s): cpu = 00:00:00 ; elapsed = 00:00:00.025 . Memory (MB): peak = 1462.668 ; gain = 0.000
INFO: [Opt 31-389] Phase Constant propagation created 0 cells and removed 0 cells

Phase 3 Sweep
Phase 3 Sweep | Checksum: 1213b7e7b

Time (s): cpu = 00:00:00 ; elapsed = 00:00:00.039 . Memory (MB): peak = 1462.668 ; gain = 0.000
INFO: [Opt 31-389] Phase Sweep created 0 cells and removed 0 cells

Phase 4 BUFG optimization
INFO: [Opt 31-1112] Starts optimizing BUFG(s) with a common MMCM/DPLL/XPLL driver.
INFO: [Opt 31-1112] Starts optimizing BUFG(s) with a common driver.
INFO: [Opt 31-1092] Phase BUFG optimization transformed 0 BUFG(s) to MBUFG(s).
Phase 4 BUFG optimization | Checksum: 1213b7e7b

Time (s): cpu = 00:00:00 ; elapsed = 00:00:00.048 . Memory (MB): peak = 1462.668 ; gain = 0.000
INFO: [Opt 31-662] Phase BUFG optimization created 0 cells of which 0 are BUFGs and removed 0 cells.

Phase 5 Shift Register Optimization
INFO: [Opt 31-1064] SRL Remap converted 0 SRLs to 0 registers and converted 0 registers of register chains to 0 SRLs
Phase 5 Shift Register Optimization | Checksum: 1213b7e7b

Time (s): cpu = 00:00:00 ; elapsed = 00:00:00.052 . Memory (MB): peak = 1462.668 ; gain = 0.000
INFO: [Opt 31-389] Phase Shift Register Optimization created 0 cells and removed 0 cells

Phase 6 Post Processing Netlist
Phase 6 Post Processing Netlist | Checksum: 1213b7e7b

Time (s): cpu = 00:00:00 ; elapsed = 00:00:00.055 . Memory (MB): peak = 1462.668 ; gain = 0.000
INFO: [Opt 31-389] Phase Post Processing Netlist created 0 cells and removed 0 cells
Opt_design Change Summary
=========================


-------------------------------------------------------------------------------------------------------------------------
|  Phase                        |  #Cells created  |  #Cells Removed  |  #Constrained objects preventing optimizations  |
-------------------------------------------------------------------------------------------------------------------------
|  Retarget                     |               0  |               0  |                                              0  |
|  Constant propagation         |               0  |               0  |                                              0  |
|  Sweep                        |               0  |               0  |                                              0  |
|  BUFG optimization            |               0  |               0  |                                              0  |
|  Shift Register Optimization  |               0  |               0  |                                              0  |
|  Post Processing Netlist      |               0  |               0  |                                              0  |
-------------------------------------------------------------------------------------------------------------------------



Starting Connectivity Check Task

Time (s): cpu = 00:00:00 ; elapsed = 00:00:00.001 . Memory (MB): peak = 1462.668 ; gain = 0.000
Ending Logic Optimization Task | Checksum: fe8d773e

Time (s): cpu = 00:00:00 ; elapsed = 00:00:00.067 . Memory (MB): peak = 1462.668 ; gain = 0.000

Starting Power Optimization Task
INFO: [Pwropt 34-132] Skipping clock gating for clocks with a period < 2.00 ns.
Ending Power Optimization Task | Checksum: fe8d773e

Time (s): cpu = 00:00:00 ; elapsed = 00:00:00.014 . Memory (MB): peak = 1462.668 ; gain = 0.000

Starting Final Cleanup Task
Ending Final Cleanup Task | Checksum: fe8d773e

Time (s): cpu = 00:00:00 ; elapsed = 00:00:00 . Memory (MB): peak = 1462.668 ; gain = 0.000

Starting Netlist Obfuscation Task
Netlist sorting complete. Time (s): cpu = 00:00:00 ; elapsed = 00:00:00 . Memory (MB): peak = 1462.668 ; gain = 0.000
Ending Netlist Obfuscation Task | Checksum: fe8d773e

Time (s): cpu = 00:00:00 ; elapsed = 00:00:00 . Memory (MB): peak = 1462.668 ; gain = 0.000
INFO: [Common 17-83] Releasing license: Implementation
27 Infos, 18 Warnings, 18 Critical Warnings and 0 Errors encountered.
opt_design completed successfully
opt_design: Time (s): cpu = 00:00:12 ; elapsed = 00:00:11 . Memory (MB): peak = 1462.668 ; gain = 746.500
Netlist sorting complete. Time (s): cpu = 00:00:00 ; elapsed = 00:00:00 . Memory (MB): peak = 1462.668 ; gain = 0.000
INFO: [Timing 38-480] Writing timing data to binary archive.
Writing placer database...
Writing XDEF routing.
Writing XDEF routing logical nets.
Writing XDEF routing special nets.
Write XDEF Complete: Time (s): cpu = 00:00:00 ; elapsed = 00:00:00.031 . Memory (MB): peak = 1462.668 ; gain = 0.000
INFO: [Common 17-1381] The checkpoint 'D:/vivadoProject/HFUT-exp/HFUT-exp.runs/impl_1/display_sim_opt.dcp' has been generated.
INFO: [runtcl-4] Executing : report_drc -file display_sim_drc_opted.rpt -pb display_sim_drc_opted.pb -rpx display_sim_drc_opted.rpx
Command: report_drc -file display_sim_drc_opted.rpt -pb display_sim_drc_opted.pb -rpx display_sim_drc_opted.rpx
INFO: [IP_Flow 19-234] Refreshing IP repositories
INFO: [IP_Flow 19-1704] No user IP repositories specified
INFO: [IP_Flow 19-2313] Loaded Vivado IP repository 'E:/Sofware/vivado/Vivado/2019.2/data/ip'.
INFO: [DRC 23-27] Running DRC with 2 threads
INFO: [Coretcl 2-168] The results of DRC are in file D:/vivadoProject/HFUT-exp/HFUT-exp.runs/impl_1/display_sim_drc_opted.rpt.
report_drc completed successfully
Command: place_design
Attempting to get a license for feature 'Implementation' and/or device 'xc7a35t'
INFO: [Common 17-349] Got license for feature 'Implementation' and/or device 'xc7a35t'
INFO: [DRC 23-27] Running DRC with 2 threads
INFO: [Vivado_Tcl 4-198] DRC finished with 0 Errors
INFO: [Vivado_Tcl 4-199] Please refer to the DRC report (report_drc) for more information.
Running DRC as a precondition to command place_design
INFO: [DRC 23-27] Running DRC with 2 threads
INFO: [Vivado_Tcl 4-198] DRC finished with 0 Errors
INFO: [Vivado_Tcl 4-199] Please refer to the DRC report (report_drc) for more information.

Starting Placer Task
INFO: [Place 30-611] Multithreading enabled for place_design using a maximum of 2 CPUs

Phase 1 Placer Initialization

Phase 1.1 Placer Initialization Netlist Sorting
Netlist sorting complete. Time (s): cpu = 00:00:00 ; elapsed = 00:00:00 . Memory (MB): peak = 1462.668 ; gain = 0.000
Phase 1.1 Placer Initialization Netlist Sorting | Checksum: 7ec9fd39

Time (s): cpu = 00:00:00 ; elapsed = 00:00:00.009 . Memory (MB): peak = 1462.668 ; gain = 0.000
Netlist sorting complete. Time (s): cpu = 00:00:00 ; elapsed = 00:00:00 . Memory (MB): peak = 1462.668 ; gain = 0.000

Phase 1.2 IO Placement/ Clock Placement/ Build Placer Device
INFO: [Timing 38-35] Done setting XDC timing constraints.
Phase 1.2 IO Placement/ Clock Placement/ Build Placer Device | Checksum: 12f7053d5

Time (s): cpu = 00:00:02 ; elapsed = 00:00:00.854 . Memory (MB): peak = 1462.668 ; gain = 0.000

Phase 1.3 Build Placer Netlist Model
Phase 1.3 Build Placer Netlist Model | Checksum: 1d930bbc1

Time (s): cpu = 00:00:02 ; elapsed = 00:00:00.891 . Memory (MB): peak = 1462.668 ; gain = 0.000

Phase 1.4 Constrain Clocks/Macros
Phase 1.4 Constrain Clocks/Macros | Checksum: 1d930bbc1

Time (s): cpu = 00:00:02 ; elapsed = 00:00:00.893 . Memory (MB): peak = 1462.668 ; gain = 0.000
Phase 1 Placer Initialization | Checksum: 1d930bbc1

Time (s): cpu = 00:00:02 ; elapsed = 00:00:00.899 . Memory (MB): peak = 1462.668 ; gain = 0.000

Phase 2 Global Placement

Phase 2.1 Floorplanning
Phase 2.1 Floorplanning | Checksum: 1d930bbc1

Time (s): cpu = 00:00:02 ; elapsed = 00:00:00.907 . Memory (MB): peak = 1462.668 ; gain = 0.000

Phase 2.2 Global Placement Core
WARNING: [Place 46-29] place_design is not in timing mode. Skip physical synthesis in placer
Phase 2.2 Global Placement Core | Checksum: 1ec1fc6e1

Time (s): cpu = 00:00:02 ; elapsed = 00:00:01 . Memory (MB): peak = 1462.668 ; gain = 0.000
Phase 2 Global Placement | Checksum: 1ec1fc6e1

Time (s): cpu = 00:00:02 ; elapsed = 00:00:01 . Memory (MB): peak = 1462.668 ; gain = 0.000

Phase 3 Detail Placement

Phase 3.1 Commit Multi Column Macros
Phase 3.1 Commit Multi Column Macros | Checksum: 1ec1fc6e1

Time (s): cpu = 00:00:02 ; elapsed = 00:00:01 . Memory (MB): peak = 1462.668 ; gain = 0.000

Phase 3.2 Commit Most Macros & LUTRAMs
Phase 3.2 Commit Most Macros & LUTRAMs | Checksum: 19b393386

Time (s): cpu = 00:00:02 ; elapsed = 00:00:01 . Memory (MB): peak = 1462.668 ; gain = 0.000

Phase 3.3 Area Swap Optimization
Phase 3.3 Area Swap Optimization | Checksum: ffafc1ea

Time (s): cpu = 00:00:02 ; elapsed = 00:00:01 . Memory (MB): peak = 1462.668 ; gain = 0.000

Phase 3.4 Pipeline Register Optimization
Phase 3.4 Pipeline Register Optimization | Checksum: ffafc1ea

Time (s): cpu = 00:00:02 ; elapsed = 00:00:01 . Memory (MB): peak = 1462.668 ; gain = 0.000

Phase 3.5 Small Shape Detail Placement
Phase 3.5 Small Shape Detail Placement | Checksum: 132136949

Time (s): cpu = 00:00:03 ; elapsed = 00:00:01 . Memory (MB): peak = 1462.668 ; gain = 0.000

Phase 3.6 Re-assign LUT pins
Phase 3.6 Re-assign LUT pins | Checksum: 132136949

Time (s): cpu = 00:00:03 ; elapsed = 00:00:01 . Memory (MB): peak = 1462.668 ; gain = 0.000

Phase 3.7 Pipeline Register Optimization
Phase 3.7 Pipeline Register Optimization | Checksum: 132136949

Time (s): cpu = 00:00:03 ; elapsed = 00:00:01 . Memory (MB): peak = 1462.668 ; gain = 0.000
Phase 3 Detail Placement | Checksum: 132136949

Time (s): cpu = 00:00:03 ; elapsed = 00:00:01 . Memory (MB): peak = 1462.668 ; gain = 0.000

Phase 4 Post Placement Optimization and Clean-Up

Phase 4.1 Post Commit Optimization
Phase 4.1 Post Commit Optimization | Checksum: 132136949

Time (s): cpu = 00:00:03 ; elapsed = 00:00:01 . Memory (MB): peak = 1462.668 ; gain = 0.000

Phase 4.2 Post Placement Cleanup
Phase 4.2 Post Placement Cleanup | Checksum: 132136949

Time (s): cpu = 00:00:03 ; elapsed = 00:00:01 . Memory (MB): peak = 1462.668 ; gain = 0.000

Phase 4.3 Placer Reporting
Phase 4.3 Placer Reporting | Checksum: 132136949

Time (s): cpu = 00:00:03 ; elapsed = 00:00:01 . Memory (MB): peak = 1462.668 ; gain = 0.000

Phase 4.4 Final Placement Cleanup
Netlist sorting complete. Time (s): cpu = 00:00:00 ; elapsed = 00:00:00 . Memory (MB): peak = 1462.668 ; gain = 0.000
Phase 4.4 Final Placement Cleanup | Checksum: 180e91ea6

Time (s): cpu = 00:00:03 ; elapsed = 00:00:01 . Memory (MB): peak = 1462.668 ; gain = 0.000
Phase 4 Post Placement Optimization and Clean-Up | Checksum: 180e91ea6

Time (s): cpu = 00:00:03 ; elapsed = 00:00:01 . Memory (MB): peak = 1462.668 ; gain = 0.000
Ending Placer Task | Checksum: 17fdf70ba

Time (s): cpu = 00:00:03 ; elapsed = 00:00:01 . Memory (MB): peak = 1462.668 ; gain = 0.000
INFO: [Common 17-83] Releasing license: Implementation
45 Infos, 19 Warnings, 18 Critical Warnings and 0 Errors encountered.
place_design completed successfully
Netlist sorting complete. Time (s): cpu = 00:00:00 ; elapsed = 00:00:00.001 . Memory (MB): peak = 1462.668 ; gain = 0.000
INFO: [Timing 38-480] Writing timing data to binary archive.
Writing placer database...
Writing XDEF routing.
Writing XDEF routing logical nets.
Writing XDEF routing special nets.
Write XDEF Complete: Time (s): cpu = 00:00:00 ; elapsed = 00:00:00.043 . Memory (MB): peak = 1464.520 ; gain = 1.852
INFO: [Common 17-1381] The checkpoint 'D:/vivadoProject/HFUT-exp/HFUT-exp.runs/impl_1/display_sim_placed.dcp' has been generated.
INFO: [runtcl-4] Executing : report_io -file display_sim_io_placed.rpt
report_io: Time (s): cpu = 00:00:00 ; elapsed = 00:00:00.050 . Memory (MB): peak = 1464.520 ; gain = 0.000
INFO: [runtcl-4] Executing : report_utilization -file display_sim_utilization_placed.rpt -pb display_sim_utilization_placed.pb
INFO: [runtcl-4] Executing : report_control_sets -verbose -file display_sim_control_sets_placed.rpt
report_control_sets: Time (s): cpu = 00:00:00 ; elapsed = 00:00:00.002 . Memory (MB): peak = 1464.520 ; gain = 0.000
Command: phys_opt_design
Attempting to get a license for feature 'Implementation' and/or device 'xc7a35t'
INFO: [Common 17-349] Got license for feature 'Implementation' and/or device 'xc7a35t'
INFO: [Vivado_Tcl 4-235] No timing constraint found. The netlist was not modified.
INFO: [Common 17-83] Releasing license: Implementation
53 Infos, 19 Warnings, 18 Critical Warnings and 0 Errors encountered.
phys_opt_design completed successfully
Netlist sorting complete. Time (s): cpu = 00:00:00 ; elapsed = 00:00:00 . Memory (MB): peak = 1477.465 ; gain = 0.000
INFO: [Timing 38-480] Writing timing data to binary archive.
Writing placer database...
Writing XDEF routing.
Writing XDEF routing logical nets.
Writing XDEF routing special nets.
Write XDEF Complete: Time (s): cpu = 00:00:00 ; elapsed = 00:00:00.036 . Memory (MB): peak = 1495.344 ; gain = 17.879
INFO: [Common 17-1381] The checkpoint 'D:/vivadoProject/HFUT-exp/HFUT-exp.runs/impl_1/display_sim_physopt.dcp' has been generated.
Command: route_design
Attempting to get a license for feature 'Implementation' and/or device 'xc7a35t'
INFO: [Common 17-349] Got license for feature 'Implementation' and/or device 'xc7a35t'
Running DRC as a precondition to command route_design
INFO: [DRC 23-27] Running DRC with 2 threads
INFO: [Vivado_Tcl 4-198] DRC finished with 0 Errors
INFO: [Vivado_Tcl 4-199] Please refer to the DRC report (report_drc) for more information.


Starting Routing Task
INFO: [Route 35-254] Multithreading enabled for route_design using a maximum of 2 CPUs
Checksum: PlaceDB: 99802da9 ConstDB: 0 ShapeSum: e65f4311 RouteDB: 0

Phase 1 Build RT Design
Phase 1 Build RT Design | Checksum: f020f8b2

Time (s): cpu = 00:00:19 ; elapsed = 00:00:18 . Memory (MB): peak = 1593.301 ; gain = 84.887
Post Restoration Checksum: NetGraph: 741223f3 NumContArr: 7c0ed4bf Constraints: 0 Timing: 0

Phase 2 Router Initialization
INFO: [Route 35-64] No timing constraints were detected. The router will operate in resource-optimization mode.

Phase 2.1 Fix Topology Constraints
Phase 2.1 Fix Topology Constraints | Checksum: f020f8b2

Time (s): cpu = 00:00:19 ; elapsed = 00:00:18 . Memory (MB): peak = 1599.305 ; gain = 90.891

Phase 2.2 Pre Route Cleanup
Phase 2.2 Pre Route Cleanup | Checksum: f020f8b2

Time (s): cpu = 00:00:19 ; elapsed = 00:00:18 . Memory (MB): peak = 1599.305 ; gain = 90.891
 Number of Nodes with overlaps = 0
Phase 2 Router Initialization | Checksum: 188857411

Time (s): cpu = 00:00:19 ; elapsed = 00:00:18 . Memory (MB): peak = 1604.941 ; gain = 96.527

Router Utilization Summary
  Global Vertical Routing Utilization    = 0 %
  Global Horizontal Routing Utilization  = 0 %
  Routable Net Status*
  *Does not include unroutable nets such as driverless and loadless.
  Run report_route_status for detailed report.
  Number of Failed Nets               = 120
    (Failed Nets is the sum of unrouted and partially routed nets)
  Number of Unrouted Nets             = 120
  Number of Partially Routed Nets     = 0
  Number of Node Overlaps             = 0


Phase 3 Initial Routing
Phase 3 Initial Routing | Checksum: 1c8128eae

Time (s): cpu = 00:00:20 ; elapsed = 00:00:18 . Memory (MB): peak = 1606.945 ; gain = 98.531

Phase 4 Rip-up And Reroute

Phase 4.1 Global Iteration 0
 Number of Nodes with overlaps = 0
Phase 4.1 Global Iteration 0 | Checksum: 137864c82

Time (s): cpu = 00:00:20 ; elapsed = 00:00:18 . Memory (MB): peak = 1606.945 ; gain = 98.531
Phase 4 Rip-up And Reroute | Checksum: 137864c82

Time (s): cpu = 00:00:20 ; elapsed = 00:00:18 . Memory (MB): peak = 1606.945 ; gain = 98.531

Phase 5 Delay and Skew Optimization
Phase 5 Delay and Skew Optimization | Checksum: 137864c82

Time (s): cpu = 00:00:20 ; elapsed = 00:00:18 . Memory (MB): peak = 1606.945 ; gain = 98.531

Phase 6 Post Hold Fix

Phase 6.1 Hold Fix Iter
Phase 6.1 Hold Fix Iter | Checksum: 137864c82

Time (s): cpu = 00:00:20 ; elapsed = 00:00:18 . Memory (MB): peak = 1606.945 ; gain = 98.531
Phase 6 Post Hold Fix | Checksum: 137864c82

Time (s): cpu = 00:00:20 ; elapsed = 00:00:18 . Memory (MB): peak = 1606.945 ; gain = 98.531

Phase 7 Route finalize

Router Utilization Summary
  Global Vertical Routing Utilization    = 0.0192139 %
  Global Horizontal Routing Utilization  = 0.0136648 %
  Routable Net Status*
  *Does not include unroutable nets such as driverless and loadless.
  Run report_route_status for detailed report.
  Number of Failed Nets               = 0
    (Failed Nets is the sum of unrouted and partially routed nets)
  Number of Unrouted Nets             = 0
  Number of Partially Routed Nets     = 0
  Number of Node Overlaps             = 0

Congestion Report
North Dir 1x1 Area, Max Cong = 10.8108%, No Congested Regions.
South Dir 1x1 Area, Max Cong = 18.018%, No Congested Regions.
East Dir 1x1 Area, Max Cong = 23.5294%, No Congested Regions.
West Dir 1x1 Area, Max Cong = 4.41176%, No Congested Regions.

------------------------------
Reporting congestion hotspots
------------------------------
Direction: North
----------------
Congested clusters found at Level 0
Effective congestion level: 0 Aspect Ratio: 1 Sparse Ratio: 0
Direction: South
----------------
Congested clusters found at Level 0
Effective congestion level: 0 Aspect Ratio: 1 Sparse Ratio: 0
Direction: East
----------------
Congested clusters found at Level 0
Effective congestion level: 0 Aspect Ratio: 1 Sparse Ratio: 0
Direction: West
----------------
Congested clusters found at Level 0
Effective congestion level: 0 Aspect Ratio: 1 Sparse Ratio: 0

Phase 7 Route finalize | Checksum: 137864c82

Time (s): cpu = 00:00:20 ; elapsed = 00:00:18 . Memory (MB): peak = 1606.945 ; gain = 98.531

Phase 8 Verifying routed nets

 Verification completed successfully
Phase 8 Verifying routed nets | Checksum: 137864c82

Time (s): cpu = 00:00:20 ; elapsed = 00:00:18 . Memory (MB): peak = 1608.996 ; gain = 100.582

Phase 9 Depositing Routes
Phase 9 Depositing Routes | Checksum: 5d83241b

Time (s): cpu = 00:00:20 ; elapsed = 00:00:18 . Memory (MB): peak = 1608.996 ; gain = 100.582
INFO: [Route 35-16] Router Completed Successfully

Time (s): cpu = 00:00:20 ; elapsed = 00:00:18 . Memory (MB): peak = 1608.996 ; gain = 100.582

Routing Is Done.
INFO: [Common 17-83] Releasing license: Implementation
63 Infos, 19 Warnings, 18 Critical Warnings and 0 Errors encountered.
route_design completed successfully
route_design: Time (s): cpu = 00:00:22 ; elapsed = 00:00:19 . Memory (MB): peak = 1608.996 ; gain = 113.652
Netlist sorting complete. Time (s): cpu = 00:00:00 ; elapsed = 00:00:00 . Memory (MB): peak = 1608.996 ; gain = 0.000
INFO: [Timing 38-480] Writing timing data to binary archive.
Writing placer database...
Writing XDEF routing.
Writing XDEF routing logical nets.
Writing XDEF routing special nets.
Write XDEF Complete: Time (s): cpu = 00:00:00 ; elapsed = 00:00:00.039 . Memory (MB): peak = 1618.859 ; gain = 9.863
INFO: [Common 17-1381] The checkpoint 'D:/vivadoProject/HFUT-exp/HFUT-exp.runs/impl_1/display_sim_routed.dcp' has been generated.
INFO: [runtcl-4] Executing : report_drc -file display_sim_drc_routed.rpt -pb display_sim_drc_routed.pb -rpx display_sim_drc_routed.rpx
Command: report_drc -file display_sim_drc_routed.rpt -pb display_sim_drc_routed.pb -rpx display_sim_drc_routed.rpx
INFO: [IP_Flow 19-1839] IP Catalog is up to date.
INFO: [DRC 23-27] Running DRC with 2 threads
INFO: [Coretcl 2-168] The results of DRC are in file D:/vivadoProject/HFUT-exp/HFUT-exp.runs/impl_1/display_sim_drc_routed.rpt.
report_drc completed successfully
INFO: [runtcl-4] Executing : report_methodology -file display_sim_methodology_drc_routed.rpt -pb display_sim_methodology_drc_routed.pb -rpx display_sim_methodology_drc_routed.rpx
Command: report_methodology -file display_sim_methodology_drc_routed.rpt -pb display_sim_methodology_drc_routed.pb -rpx display_sim_methodology_drc_routed.rpx
INFO: [Timing 38-35] Done setting XDC timing constraints.
INFO: [DRC 23-133] Running Methodology with 2 threads
INFO: [Coretcl 2-1520] The results of Report Methodology are in file D:/vivadoProject/HFUT-exp/HFUT-exp.runs/impl_1/display_sim_methodology_drc_routed.rpt.
report_methodology completed successfully
INFO: [runtcl-4] Executing : report_power -file display_sim_power_routed.rpt -pb display_sim_power_summary_routed.pb -rpx display_sim_power_routed.rpx
Command: report_power -file display_sim_power_routed.rpt -pb display_sim_power_summary_routed.pb -rpx display_sim_power_routed.rpx
INFO: [Timing 38-35] Done setting XDC timing constraints.
WARNING: [Power 33-232] No user defined clocks were found in the design! Power estimation will be inaccurate until this is corrected.
Resolution: Please specify clocks using create_clock/create_generated_clock for sequential elements. For pure combinatorial circuits, please specify a virtual clock, otherwise the vectorless estimation might be inaccurate
Running Vector-less Activity Propagation...

Finished Running Vector-less Activity Propagation
75 Infos, 20 Warnings, 18 Critical Warnings and 0 Errors encountered.
report_power completed successfully
INFO: [runtcl-4] Executing : report_route_status -file display_sim_route_status.rpt -pb display_sim_route_status.pb
INFO: [runtcl-4] Executing : report_timing_summary -max_paths 10 -file display_sim_timing_summary_routed.rpt -pb display_sim_timing_summary_routed.pb -rpx display_sim_timing_summary_routed.rpx -warn_on_violation 
INFO: [Timing 38-91] UpdateTimingParams: Speed grade: -1, Delay Type: min_max.
INFO: [Timing 38-191] Multithreading enabled for timing update using a maximum of 2 CPUs
WARNING: [Timing 38-313] There are no user specified timing constraints. Timing constraints are needed for proper timing analysis.
INFO: [runtcl-4] Executing : report_incremental_reuse -file display_sim_incremental_reuse_routed.rpt
INFO: [Vivado_Tcl 4-1062] Incremental flow is disabled. No incremental reuse Info to report.
INFO: [runtcl-4] Executing : report_clock_utilization -file display_sim_clock_utilization_routed.rpt
INFO: [runtcl-4] Executing : report_bus_skew -warn_on_violation -file display_sim_bus_skew_routed.rpt -pb display_sim_bus_skew_routed.pb -rpx display_sim_bus_skew_routed.rpx
INFO: [Timing 38-91] UpdateTimingParams: Speed grade: -1, Delay Type: min_max.
INFO: [Timing 38-191] Multithreading enabled for timing update using a maximum of 2 CPUs
INFO: [Common 17-206] Exiting Vivado at Fri Nov 26 11:31:35 2021...

*** Running vivado
    with args -log display_sim.vdi -applog -m64 -product Vivado -messageDb vivado.pb -mode batch -source display_sim.tcl -notrace


****** Vivado v2019.2 (64-bit)
  **** SW Build 2708876 on Wed Nov  6 21:40:23 MST 2019
  **** IP Build 2700528 on Thu Nov  7 00:09:20 MST 2019
    ** Copyright 1986-2019 Xilinx, Inc. All Rights Reserved.

source display_sim.tcl -notrace
Command: open_checkpoint display_sim_routed.dcp

Starting open_checkpoint Task

Time (s): cpu = 00:00:00 ; elapsed = 00:00:00.037 . Memory (MB): peak = 297.355 ; gain = 0.000
INFO: [Device 21-403] Loading part xc7a35tcsg324-1
Netlist sorting complete. Time (s): cpu = 00:00:00 ; elapsed = 00:00:00.002 . Memory (MB): peak = 604.082 ; gain = 0.000
INFO: [Netlist 29-17] Analyzing 16 Unisim elements for replacement
INFO: [Netlist 29-28] Unisim Transformation completed in 0 CPU seconds
INFO: [Project 1-479] Netlist was created with Vivado 2019.2
INFO: [Project 1-570] Preparing netlist for logic optimization
INFO: [Timing 38-478] Restoring timing data from binary archive.
INFO: [Timing 38-479] Binary timing data restore complete.
INFO: [Project 1-856] Restoring constraints from binary archive.
INFO: [Project 1-853] Binary constraint restore complete.
Reading XDEF placement.
Reading placer database...
Reading XDEF routing.
Read XDEF File: Time (s): cpu = 00:00:00 ; elapsed = 00:00:00.101 . Memory (MB): peak = 1271.797 ; gain = 15.477
Restored from archive | CPU: 0.000000 secs | Memory: 0.000000 MB |
Finished XDEF File Restore: Time (s): cpu = 00:00:00 ; elapsed = 00:00:00.102 . Memory (MB): peak = 1271.797 ; gain = 15.477
Netlist sorting complete. Time (s): cpu = 00:00:00 ; elapsed = 00:00:00 . Memory (MB): peak = 1271.797 ; gain = 0.000
INFO: [Project 1-111] Unisim Transformation Summary:
No Unisim elements were transformed.

INFO: [Project 1-604] Checkpoint was created with Vivado v2019.2 (64-bit) build 2708876
open_checkpoint: Time (s): cpu = 00:00:15 ; elapsed = 00:00:16 . Memory (MB): peak = 1271.797 ; gain = 974.441
Command: write_bitstream -force display_sim.bit
Attempting to get a license for feature 'Implementation' and/or device 'xc7a35t'
INFO: [Common 17-349] Got license for feature 'Implementation' and/or device 'xc7a35t'
Running DRC as a precondition to command write_bitstream
INFO: [IP_Flow 19-234] Refreshing IP repositories
INFO: [IP_Flow 19-1704] No user IP repositories specified
INFO: [IP_Flow 19-2313] Loaded Vivado IP repository 'E:/Sofware/vivado/Vivado/2019.2/data/ip'.
INFO: [DRC 23-27] Running DRC with 2 threads
WARNING: [DRC CFGBVS-1] Missing CFGBVS and CONFIG_VOLTAGE Design Properties: Neither the CFGBVS nor CONFIG_VOLTAGE voltage property is set in the current_design.  Configuration bank voltage select (CFGBVS) must be set to VCCO or GND, and CONFIG_VOLTAGE must be set to the correct configuration voltage, in order to determine the I/O voltage support for the pins in bank 0.  It is suggested to specify these either using the 'Edit Device Properties' function in the GUI or directly in the XDC file using the following syntax:

 set_property CFGBVS value1 [current_design]
 #where value1 is either VCCO or GND

 set_property CONFIG_VOLTAGE value2 [current_design]
 #where value2 is the voltage provided to configuration bank 0

Refer to the device configuration user guide for more information.
INFO: [Vivado 12-3199] DRC finished with 0 Errors, 1 Warnings
INFO: [Vivado 12-3200] Please refer to the DRC report (report_drc) for more information.
INFO: [Designutils 20-2272] Running write_bitstream with 2 threads.
Loading data files...
Loading site data...
Loading route data...
Processing options...
Creating bitmap...
Creating bitstream...
Writing bitstream ./display_sim.bit...
INFO: [Vivado 12-1842] Bitgen Completed Successfully.
INFO: [Project 1-120] WebTalk data collection is mandatory when using a WebPACK part without a full Vivado license. To see the specific WebTalk data collected for your design, open the usage_statistics_webtalk.html or usage_statistics_webtalk.xml file in the implementation directory.
INFO: [Common 17-83] Releasing license: Implementation
22 Infos, 1 Warnings, 0 Critical Warnings and 0 Errors encountered.
write_bitstream completed successfully
write_bitstream: Time (s): cpu = 00:00:12 ; elapsed = 00:00:22 . Memory (MB): peak = 1721.426 ; gain = 449.629
INFO: [Common 17-206] Exiting Vivado at Fri Nov 26 11:32:55 2021...
